<?xml version="1.0" encoding="UTF-8"?>
<testng-results ignored="0" total="1" passed="1" failed="0" skipped="0">
  <reporter-output>
  </reporter-output>
  <suite started-at="2023-02-08T20:52:03 MSK" name="Default Suite" finished-at="2023-02-08T20:52:23 MSK" duration-ms="19263">
    <groups>
    </groups>
    <test started-at="2023-02-08T20:52:03 MSK" name="TestNG" finished-at="2023-02-08T20:52:23 MSK" duration-ms="19263">
      <class name="com.Exelenter.class03._00_Assert_HW">
        <test-method is-config="true" signature="beforeTest()[pri:0, instance:com.Exelenter.class03._00_Assert_HW@2f490758]" started-at="2023-02-08T20:52:03 MSK" name="beforeTest" finished-at="2023-02-08T20:52:20 MSK" duration-ms="17082" status="PASS">
          <reporter-output>
          </reporter-output>
        </test-method> <!-- beforeTest -->
        <test-method signature="hardAssert()[pri:0, instance:com.Exelenter.class03._00_Assert_HW@2f490758]" started-at="2023-02-08T20:52:20 MSK" name="hardAssert" finished-at="2023-02-08T20:52:21 MSK" duration-ms="47" status="PASS">
          <reporter-output>
          </reporter-output>
        </test-method> <!-- hardAssert -->
        <test-method is-config="true" signature="afterTest()[pri:0, instance:com.Exelenter.class03._00_Assert_HW@2f490758]" started-at="2023-02-08T20:52:21 MSK" name="afterTest" finished-at="2023-02-08T20:52:23 MSK" duration-ms="2124" status="PASS">
          <reporter-output>
          </reporter-output>
        </test-method> <!-- afterTest -->
      </class> <!-- com.Exelenter.class03._00_Assert_HW -->
    </test> <!-- TestNG -->
  </suite> <!-- Default Suite -->
</testng-results>
