<?xml version="1.0" encoding="UTF-8"?>
<testng-results ignored="1" total="3" passed="2" failed="0" skipped="0">
  <reporter-output>
  </reporter-output>
  <suite started-at="2023-02-08T20:35:16 MSK" name="Default Suite" finished-at="2023-02-08T20:35:16 MSK" duration-ms="18">
    <groups>
    </groups>
    <test started-at="2023-02-08T20:35:16 MSK" name="TestNG" finished-at="2023-02-08T20:35:16 MSK" duration-ms="18">
      <class name="com.Exelenter.class01._03_TestNGDemo3">
        <test-method is-config="true" signature="beforeTest()[pri:0, instance:com.Exelenter.class01._03_TestNGDemo3@48a242ce]" started-at="2023-02-08T20:35:16 MSK" name="beforeTest" finished-at="2023-02-08T20:35:16 MSK" duration-ms="4" status="PASS">
          <reporter-output>
          </reporter-output>
        </test-method> <!-- beforeTest -->
        <test-method is-config="true" signature="beforeMethod()[pri:0, instance:com.Exelenter.class01._03_TestNGDemo3@48a242ce]" started-at="2023-02-08T20:35:16 MSK" name="beforeMethod" finished-at="2023-02-08T20:35:16 MSK" duration-ms="0" status="PASS">
          <reporter-output>
          </reporter-output>
        </test-method> <!-- beforeMethod -->
        <test-method signature="test2()[pri:2, instance:com.Exelenter.class01._03_TestNGDemo3@48a242ce]" started-at="2023-02-08T20:35:16 MSK" name="test2" finished-at="2023-02-08T20:35:16 MSK" duration-ms="0" status="PASS">
          <reporter-output>
          </reporter-output>
        </test-method> <!-- test2 -->
        <test-method is-config="true" signature="afterMethod()[pri:0, instance:com.Exelenter.class01._03_TestNGDemo3@48a242ce]" started-at="2023-02-08T20:35:16 MSK" name="afterMethod" finished-at="2023-02-08T20:35:16 MSK" duration-ms="0" status="PASS">
          <reporter-output>
          </reporter-output>
        </test-method> <!-- afterMethod -->
        <test-method signature="test3()[pri:3, instance:com.Exelenter.class01._03_TestNGDemo3@48a242ce]" started-at="2023-02-08T20:35:16 MSK" name="test3" finished-at="2023-02-08T20:35:16 MSK" duration-ms="0" status="PASS">
          <reporter-output>
          </reporter-output>
        </test-method> <!-- test3 -->
        <test-method is-config="true" signature="beforeMethod()[pri:0, instance:com.Exelenter.class01._03_TestNGDemo3@48a242ce]" started-at="2023-02-08T20:35:16 MSK" name="beforeMethod" finished-at="2023-02-08T20:35:16 MSK" duration-ms="0" status="PASS">
          <reporter-output>
          </reporter-output>
        </test-method> <!-- beforeMethod -->
        <test-method is-config="true" signature="afterMethod()[pri:0, instance:com.Exelenter.class01._03_TestNGDemo3@48a242ce]" started-at="2023-02-08T20:35:16 MSK" name="afterMethod" finished-at="2023-02-08T20:35:16 MSK" duration-ms="1" status="PASS">
          <reporter-output>
          </reporter-output>
        </test-method> <!-- afterMethod -->
        <test-method is-config="true" signature="afterTest()[pri:0, instance:com.Exelenter.class01._03_TestNGDemo3@48a242ce]" started-at="2023-02-08T20:35:16 MSK" name="afterTest" finished-at="2023-02-08T20:35:16 MSK" duration-ms="0" status="PASS">
          <reporter-output>
          </reporter-output>
        </test-method> <!-- afterTest -->
      </class> <!-- com.Exelenter.class01._03_TestNGDemo3 -->
    </test> <!-- TestNG -->
  </suite> <!-- Default Suite -->
</testng-results>
