<?xml version="1.0" encoding="UTF-8"?>
<!-- Generated by org.testng.reporters.JUnitXMLReporter -->
<testsuite ignored="1" hostname="Tohirs-MacBook-Pro.local" failures="0" tests="2" name="TestNG" time="0.018" errors="0" timestamp="2023-02-08T20:35:16 MSK">
  <testcase classname="com.Exelenter.class01._03_TestNGDemo3" name="test2" time="0.0"/>
  <testcase classname="com.Exelenter.class01._03_TestNGDemo3" name="test3" time="0.0"/>
  <testcase classname="com.Exelenter.class01._03_TestNGDemo3" name="test1" time="0.0">
    <ignored/>
  </testcase> <!-- test1 -->
</testsuite> <!-- TestNG -->
